2021-05-16 22:40:28,534 INFO:Connection created.
2021-05-16 22:40:28,951 DEBUG:Batch inserted
2021-05-16 22:40:29,235 DEBUG:Batch inserted
2021-05-16 22:40:29,506 DEBUG:Batch inserted
2021-05-16 22:40:29,779 DEBUG:Batch inserted
2021-05-16 22:40:30,046 DEBUG:Batch inserted
2021-05-16 22:40:30,313 DEBUG:Batch inserted
2021-05-16 22:40:30,582 DEBUG:Batch inserted
2021-05-16 22:40:30,858 DEBUG:Batch inserted
2021-05-16 22:40:31,127 DEBUG:Batch inserted
2021-05-16 22:40:31,391 DEBUG:Batch inserted
2021-05-16 22:40:31,687 DEBUG:Batch inserted
2021-05-16 22:40:32,058 DEBUG:Batch inserted
2021-05-16 22:40:32,345 DEBUG:Batch inserted
2021-05-16 22:40:32,628 DEBUG:Batch inserted
2021-05-16 22:40:32,920 DEBUG:Batch inserted
2021-05-16 22:40:33,202 DEBUG:Batch inserted
2021-05-16 22:40:33,470 DEBUG:Batch inserted
2021-05-16 22:40:33,748 DEBUG:Batch inserted
2021-05-16 22:40:34,029 DEBUG:Batch inserted
2021-05-16 22:40:34,307 DEBUG:Batch inserted
2021-05-16 22:40:34,593 DEBUG:Batch inserted
2021-05-16 22:40:34,866 DEBUG:Batch inserted
2021-05-16 22:40:35,143 DEBUG:Batch inserted
2021-05-16 22:40:35,428 DEBUG:Batch inserted
2021-05-16 22:40:35,701 DEBUG:Batch inserted
2021-05-16 22:40:35,977 DEBUG:Batch inserted
2021-05-16 22:40:36,245 DEBUG:Batch inserted
2021-05-16 22:40:36,515 DEBUG:Batch inserted
2021-05-16 22:40:36,784 DEBUG:Batch inserted
2021-05-16 22:40:37,049 DEBUG:Batch inserted
2021-05-16 22:40:37,321 DEBUG:Batch inserted
2021-05-16 22:40:37,589 DEBUG:Batch inserted
2021-05-16 22:40:37,857 DEBUG:Batch inserted
2021-05-16 22:40:38,132 DEBUG:Batch inserted
2021-05-16 22:40:38,399 DEBUG:Batch inserted
2021-05-16 22:40:38,687 DEBUG:Batch inserted
2021-05-16 22:40:38,956 DEBUG:Batch inserted
2021-05-16 22:40:39,228 DEBUG:Batch inserted
2021-05-16 22:40:39,495 DEBUG:Batch inserted
2021-05-16 22:40:39,762 DEBUG:Batch inserted
2021-05-16 22:40:40,024 DEBUG:Batch inserted
2021-05-16 22:40:40,284 DEBUG:Batch inserted
2021-05-16 22:40:40,548 DEBUG:Batch inserted
2021-05-16 22:40:40,810 DEBUG:Batch inserted
2021-05-16 22:40:41,068 DEBUG:Batch inserted
2021-05-16 22:40:41,336 DEBUG:Batch inserted
2021-05-16 22:40:41,599 DEBUG:Batch inserted
2021-05-16 22:40:41,868 DEBUG:Batch inserted
2021-05-16 22:40:42,131 DEBUG:Batch inserted
2021-05-16 22:40:42,393 DEBUG:Batch inserted
2021-05-16 22:40:42,655 DEBUG:Batch inserted
2021-05-16 22:40:42,916 DEBUG:Batch inserted
2021-05-16 22:40:43,180 DEBUG:Batch inserted
2021-05-16 22:40:43,443 DEBUG:Batch inserted
2021-05-16 22:40:43,728 DEBUG:Batch inserted
2021-05-16 22:40:44,003 DEBUG:Batch inserted
2021-05-16 22:40:44,278 DEBUG:Batch inserted
2021-05-16 22:40:44,549 DEBUG:Batch inserted
2021-05-16 22:40:44,838 DEBUG:Batch inserted
2021-05-16 22:40:45,112 DEBUG:Batch inserted
2021-05-16 22:40:45,381 DEBUG:Batch inserted
2021-05-16 22:40:45,647 DEBUG:Batch inserted
2021-05-16 22:40:45,913 DEBUG:Batch inserted
2021-05-16 22:40:46,178 DEBUG:Batch inserted
2021-05-16 22:40:46,446 DEBUG:Batch inserted
2021-05-16 22:40:46,718 DEBUG:Batch inserted
2021-05-16 22:40:50,369 DEBUG:Batch inserted
2021-05-16 22:40:50,664 DEBUG:Batch inserted
2021-05-16 22:40:50,963 DEBUG:Batch inserted
2021-05-16 22:40:51,244 DEBUG:Batch inserted
2021-05-16 22:40:51,529 DEBUG:Batch inserted
2021-05-16 22:40:51,809 DEBUG:Batch inserted
2021-05-16 22:40:52,081 DEBUG:Batch inserted
2021-05-16 22:40:52,357 DEBUG:Batch inserted
2021-05-16 22:40:52,630 DEBUG:Batch inserted
2021-05-16 22:40:52,910 DEBUG:Batch inserted
2021-05-16 22:40:53,191 DEBUG:Batch inserted
2021-05-16 22:40:53,533 DEBUG:Batch inserted
2021-05-16 22:40:53,806 DEBUG:Batch inserted
2021-05-16 22:40:54,086 DEBUG:Batch inserted
2021-05-16 22:40:54,369 DEBUG:Batch inserted
2021-05-16 22:40:54,647 DEBUG:Batch inserted
2021-05-16 22:40:54,922 DEBUG:Batch inserted
2021-05-16 22:40:55,196 DEBUG:Batch inserted
2021-05-16 22:40:55,471 DEBUG:Batch inserted
2021-05-16 22:40:55,746 DEBUG:Batch inserted
2021-05-16 22:40:56,015 DEBUG:Batch inserted
2021-05-16 22:40:56,286 DEBUG:Batch inserted
2021-05-16 22:40:56,564 ERROR:Data insertion error. Exit Program.
2021-05-16 22:41:04,494 INFO:Connection created.
2021-05-16 22:41:04,774 DEBUG:Batch inserted
2021-05-16 22:41:05,039 DEBUG:Batch inserted
2021-05-16 22:41:05,304 DEBUG:Batch inserted
2021-05-16 22:41:05,566 DEBUG:Batch inserted
2021-05-16 22:41:05,830 DEBUG:Batch inserted
2021-05-16 22:41:06,092 DEBUG:Batch inserted
2021-05-16 22:41:06,357 DEBUG:Batch inserted
2021-05-16 22:41:06,621 DEBUG:Batch inserted
2021-05-16 22:41:06,883 DEBUG:Batch inserted
2021-05-16 22:41:07,145 DEBUG:Batch inserted
2021-05-16 22:41:07,407 DEBUG:Batch inserted
2021-05-16 22:41:07,672 DEBUG:Batch inserted
2021-05-16 22:41:07,936 DEBUG:Batch inserted
2021-05-16 22:41:08,202 DEBUG:Batch inserted
2021-05-16 22:41:08,463 DEBUG:Batch inserted
2021-05-16 22:41:08,721 DEBUG:Batch inserted
2021-05-16 22:41:08,982 DEBUG:Batch inserted
2021-05-16 22:41:09,255 DEBUG:Batch inserted
2021-05-16 22:41:09,516 DEBUG:Batch inserted
2021-05-16 22:41:09,783 DEBUG:Batch inserted
2021-05-16 22:41:10,052 DEBUG:Batch inserted
2021-05-16 22:41:10,313 DEBUG:Batch inserted
2021-05-16 22:41:10,579 DEBUG:Batch inserted
2021-05-16 22:41:10,844 DEBUG:Batch inserted
2021-05-16 22:41:11,110 DEBUG:Batch inserted
2021-05-16 22:41:11,372 DEBUG:Batch inserted
2021-05-16 22:41:11,666 DEBUG:Batch inserted
2021-05-16 22:41:11,944 DEBUG:Batch inserted
2021-05-16 22:41:12,219 DEBUG:Batch inserted
2021-05-16 22:41:12,495 DEBUG:Batch inserted
2021-05-16 22:41:12,775 DEBUG:Batch inserted
2021-05-16 22:41:13,046 DEBUG:Batch inserted
2021-05-16 22:41:13,311 DEBUG:Batch inserted
2021-05-16 22:41:13,587 DEBUG:Batch inserted
2021-05-16 22:41:13,849 DEBUG:Batch inserted
2021-05-16 22:41:14,111 DEBUG:Batch inserted
2021-05-16 22:41:14,375 DEBUG:Batch inserted
2021-05-16 22:41:14,639 DEBUG:Batch inserted
2021-05-16 22:41:14,900 DEBUG:Batch inserted
2021-05-16 22:41:15,164 DEBUG:Batch inserted
2021-05-16 22:41:15,430 DEBUG:Batch inserted
2021-05-16 22:41:15,691 DEBUG:Batch inserted
2021-05-16 22:41:15,954 DEBUG:Batch inserted
2021-05-16 22:41:16,274 DEBUG:Batch inserted
2021-05-16 22:41:16,533 DEBUG:Batch inserted
2021-05-16 22:41:16,797 DEBUG:Batch inserted
2021-05-16 22:41:17,060 DEBUG:Batch inserted
2021-05-16 22:41:17,343 DEBUG:Batch inserted
2021-05-16 22:41:17,608 DEBUG:Batch inserted
2021-05-16 22:41:17,872 DEBUG:Batch inserted
2021-05-16 22:41:18,136 DEBUG:Batch inserted
2021-05-16 22:41:18,397 DEBUG:Batch inserted
2021-05-16 22:41:18,662 DEBUG:Batch inserted
2021-05-16 22:41:18,922 DEBUG:Batch inserted
2021-05-16 22:41:19,186 DEBUG:Batch inserted
2021-05-16 22:41:19,446 DEBUG:Batch inserted
2021-05-16 22:41:19,713 DEBUG:Batch inserted
2021-05-16 22:41:19,972 DEBUG:Batch inserted
2021-05-16 22:41:20,238 DEBUG:Batch inserted
2021-05-16 22:41:20,501 DEBUG:Batch inserted
2021-05-16 22:41:20,767 DEBUG:Batch inserted
2021-05-16 22:41:21,031 DEBUG:Batch inserted
2021-05-16 22:41:21,294 DEBUG:Batch inserted
2021-05-16 22:41:21,558 DEBUG:Batch inserted
2021-05-16 22:41:21,821 DEBUG:Batch inserted
2021-05-16 22:41:22,095 DEBUG:Batch inserted
2021-05-16 22:41:22,362 DEBUG:Batch inserted
2021-05-16 22:41:22,620 DEBUG:Batch inserted
2021-05-16 22:41:22,883 DEBUG:Batch inserted
2021-05-16 22:41:23,148 DEBUG:Batch inserted
2021-05-16 22:41:23,422 DEBUG:Batch inserted
2021-05-16 22:41:23,698 DEBUG:Batch inserted
2021-05-16 22:41:23,967 DEBUG:Batch inserted
2021-05-16 22:41:24,256 DEBUG:Batch inserted
2021-05-16 22:41:24,536 DEBUG:Batch inserted
2021-05-16 22:41:24,814 DEBUG:Batch inserted
2021-05-16 22:41:25,095 DEBUG:Batch inserted
2021-05-16 22:41:25,411 DEBUG:Batch inserted
2021-05-16 22:41:25,690 DEBUG:Batch inserted
2021-05-16 22:41:25,971 DEBUG:Batch inserted
2021-05-16 22:41:26,248 DEBUG:Batch inserted
2021-05-16 22:41:26,519 DEBUG:Batch inserted
2021-05-16 22:41:26,792 DEBUG:Batch inserted
2021-05-16 22:41:27,090 DEBUG:Batch inserted
2021-05-16 22:41:27,362 DEBUG:Batch inserted
2021-05-16 22:41:27,625 DEBUG:Batch inserted
2021-05-16 22:41:27,891 DEBUG:Batch inserted
2021-05-16 22:41:28,159 DEBUG:Batch inserted
2021-05-16 22:41:28,422 DEBUG:Batch inserted
2021-05-16 22:41:28,689 DEBUG:Batch inserted
2021-05-16 22:41:29,001 DEBUG:Batch inserted
2021-05-16 22:41:29,278 DEBUG:Batch inserted
2021-05-16 22:41:29,546 DEBUG:Batch inserted
2021-05-16 22:41:29,809 DEBUG:Batch inserted
2021-05-16 22:41:30,074 DEBUG:Batch inserted
2021-05-16 22:41:30,342 DEBUG:Batch inserted
2021-05-16 22:41:30,614 DEBUG:Batch inserted
2021-05-16 22:41:30,885 DEBUG:Batch inserted
2021-05-16 22:41:31,158 DEBUG:Batch inserted
2021-05-16 22:41:31,439 DEBUG:Batch inserted
2021-05-16 22:41:31,701 DEBUG:Batch inserted
2021-05-16 22:41:31,973 DEBUG:Batch inserted
2021-05-16 22:41:32,237 DEBUG:Batch inserted
2021-05-16 22:41:32,517 DEBUG:Batch inserted
2021-05-16 22:41:32,785 DEBUG:Batch inserted
2021-05-16 22:41:33,047 DEBUG:Batch inserted
2021-05-16 22:41:33,309 DEBUG:Batch inserted
2021-05-16 22:41:33,585 DEBUG:Batch inserted
2021-05-16 22:41:33,851 DEBUG:Batch inserted
2021-05-16 22:41:34,118 DEBUG:Batch inserted
2021-05-16 22:41:34,385 DEBUG:Batch inserted
2021-05-16 22:41:34,648 DEBUG:Batch inserted
2021-05-16 22:41:34,922 DEBUG:Batch inserted
2021-05-16 22:41:35,190 DEBUG:Batch inserted
2021-05-16 22:41:35,457 DEBUG:Batch inserted
2021-05-16 22:41:35,728 DEBUG:Batch inserted
2021-05-16 22:41:35,994 DEBUG:Batch inserted
2021-05-16 22:41:36,258 DEBUG:Batch inserted
2021-05-16 22:41:36,523 DEBUG:Batch inserted
2021-05-16 22:41:36,785 DEBUG:Batch inserted
2021-05-16 22:41:37,054 DEBUG:Batch inserted
2021-05-16 22:41:37,324 DEBUG:Batch inserted
2021-05-16 22:41:37,585 DEBUG:Batch inserted
2021-05-16 22:41:37,857 DEBUG:Batch inserted
2021-05-16 22:41:38,225 DEBUG:Batch inserted
2021-05-16 22:41:38,523 DEBUG:Batch inserted
2021-05-16 22:41:38,791 DEBUG:Batch inserted
2021-05-16 22:41:39,064 DEBUG:Batch inserted
2021-05-16 22:41:39,336 DEBUG:Batch inserted
2021-05-16 22:41:39,614 DEBUG:Batch inserted
2021-05-16 22:41:39,878 DEBUG:Batch inserted
2021-05-16 22:41:40,155 DEBUG:Batch inserted
2021-05-16 22:41:40,468 DEBUG:Batch inserted
2021-05-16 22:41:40,740 DEBUG:Batch inserted
2021-05-16 22:41:41,013 DEBUG:Batch inserted
2021-05-16 22:41:41,279 DEBUG:Batch inserted
2021-05-16 22:41:41,564 DEBUG:Batch inserted
2021-05-16 22:41:41,843 DEBUG:Batch inserted
2021-05-16 22:41:42,144 DEBUG:Batch inserted
2021-05-16 22:41:42,453 DEBUG:Batch inserted
2021-05-16 22:41:42,722 DEBUG:Batch inserted
2021-05-16 22:41:43,039 DEBUG:Batch inserted
2021-05-16 22:41:43,309 DEBUG:Batch inserted
2021-05-16 22:41:43,578 DEBUG:Batch inserted
2021-05-16 22:41:43,845 DEBUG:Batch inserted
2021-05-16 22:41:44,155 DEBUG:Batch inserted
2021-05-16 22:41:44,450 DEBUG:Batch inserted
2021-05-16 22:41:44,735 DEBUG:Batch inserted
2021-05-16 22:41:45,008 DEBUG:Batch inserted
2021-05-16 22:41:45,301 DEBUG:Batch inserted
2021-05-16 22:41:45,571 DEBUG:Batch inserted
2021-05-16 22:41:45,841 DEBUG:Batch inserted
2021-05-16 22:41:46,126 DEBUG:Batch inserted
2021-05-16 22:41:46,400 DEBUG:Batch inserted
2021-05-16 22:41:46,681 DEBUG:Batch inserted
2021-05-16 22:41:46,954 DEBUG:Batch inserted
2021-05-16 22:41:47,231 DEBUG:Batch inserted
2021-05-16 22:41:47,510 DEBUG:Batch inserted
2021-05-16 22:41:47,791 DEBUG:Batch inserted
2021-05-16 22:41:48,070 DEBUG:Batch inserted
2021-05-16 22:41:48,344 DEBUG:Batch inserted
2021-05-16 22:41:48,607 DEBUG:Batch inserted
2021-05-16 22:41:48,880 DEBUG:Batch inserted
2021-05-16 22:41:49,144 DEBUG:Batch inserted
2021-05-16 22:41:49,411 DEBUG:Batch inserted
2021-05-16 22:41:49,681 DEBUG:Batch inserted
2021-05-16 22:41:49,953 DEBUG:Batch inserted
2021-05-16 22:41:50,217 DEBUG:Batch inserted
2021-05-16 22:41:50,489 DEBUG:Batch inserted
2021-05-16 22:41:50,757 DEBUG:Batch inserted
2021-05-16 22:41:51,025 DEBUG:Batch inserted
2021-05-16 22:41:51,289 DEBUG:Batch inserted
2021-05-16 22:41:51,554 DEBUG:Batch inserted
2021-05-16 22:41:51,819 DEBUG:Batch inserted
2021-05-16 22:41:52,084 DEBUG:Batch inserted
2021-05-16 22:41:52,347 DEBUG:Batch inserted
2021-05-16 22:41:52,610 DEBUG:Batch inserted
2021-05-16 22:41:52,877 DEBUG:Batch inserted
2021-05-16 22:41:53,144 DEBUG:Batch inserted
2021-05-16 22:41:53,425 DEBUG:Batch inserted
2021-05-16 22:41:53,714 DEBUG:Batch inserted
2021-05-16 22:41:54,026 DEBUG:Batch inserted
2021-05-16 22:41:54,298 DEBUG:Batch inserted
2021-05-16 22:41:54,573 DEBUG:Batch inserted
2021-05-16 22:41:54,883 DEBUG:Batch inserted
2021-05-16 22:41:55,153 DEBUG:Batch inserted
2021-05-16 22:41:55,421 DEBUG:Batch inserted
2021-05-16 22:41:55,706 DEBUG:Batch inserted
2021-05-16 22:41:55,984 DEBUG:Batch inserted
2021-05-16 22:41:56,273 DEBUG:Batch inserted
2021-05-16 22:41:56,555 DEBUG:Batch inserted
2021-05-16 22:41:56,909 DEBUG:Batch inserted
2021-05-16 22:41:57,208 DEBUG:Batch inserted
2021-05-16 22:41:57,483 DEBUG:Batch inserted
2021-05-16 22:41:57,753 DEBUG:Batch inserted
2021-05-16 22:41:58,017 DEBUG:Batch inserted
2021-05-16 22:41:58,288 DEBUG:Batch inserted
2021-05-16 22:41:58,558 DEBUG:Batch inserted
2021-05-16 22:41:58,831 DEBUG:Batch inserted
2021-05-16 22:41:59,095 DEBUG:Batch inserted
2021-05-16 22:41:59,361 DEBUG:Batch inserted
2021-05-16 22:41:59,627 DEBUG:Batch inserted
2021-05-16 22:41:59,889 DEBUG:Batch inserted
2021-05-16 22:42:00,151 DEBUG:Batch inserted
2021-05-16 22:42:00,415 DEBUG:Batch inserted
2021-05-16 22:42:00,679 DEBUG:Batch inserted
2021-05-16 22:42:00,949 DEBUG:Batch inserted
2021-05-16 22:42:01,221 DEBUG:Batch inserted
2021-05-16 22:42:01,486 DEBUG:Batch inserted
2021-05-16 22:42:01,752 DEBUG:Batch inserted
2021-05-16 22:42:02,016 DEBUG:Batch inserted
2021-05-16 22:42:02,287 DEBUG:Batch inserted
2021-05-16 22:42:02,656 DEBUG:Batch inserted
2021-05-16 22:42:03,186 DEBUG:Batch inserted
2021-05-16 22:42:03,494 DEBUG:Batch inserted
2021-05-16 22:42:03,836 DEBUG:Batch inserted
2021-05-16 22:42:04,101 DEBUG:Batch inserted
2021-05-16 22:42:04,371 DEBUG:Batch inserted
2021-05-16 22:42:04,638 DEBUG:Batch inserted
2021-05-16 22:42:04,899 DEBUG:Batch inserted
2021-05-16 22:42:05,163 DEBUG:Batch inserted
2021-05-16 22:42:05,435 DEBUG:Batch inserted
2021-05-16 22:42:05,717 DEBUG:Batch inserted
2021-05-16 22:42:05,997 DEBUG:Batch inserted
2021-05-16 22:42:06,288 DEBUG:Batch inserted
2021-05-16 22:42:06,559 DEBUG:Batch inserted
2021-05-16 22:42:06,825 DEBUG:Batch inserted
2021-05-16 22:42:07,093 DEBUG:Batch inserted
2021-05-16 22:42:07,359 DEBUG:Batch inserted
2021-05-16 22:42:07,628 DEBUG:Batch inserted
2021-05-16 22:42:07,898 DEBUG:Batch inserted
2021-05-16 22:42:08,164 DEBUG:Batch inserted
2021-05-16 22:42:08,431 DEBUG:Batch inserted
2021-05-16 22:42:08,698 DEBUG:Batch inserted
2021-05-16 22:42:08,972 DEBUG:Batch inserted
2021-05-16 22:42:09,235 DEBUG:Batch inserted
2021-05-16 22:42:09,505 DEBUG:Batch inserted
2021-05-16 22:42:09,777 DEBUG:Batch inserted
2021-05-16 22:42:10,049 DEBUG:Batch inserted
2021-05-16 22:42:10,372 DEBUG:Batch inserted
2021-05-16 22:42:10,641 DEBUG:Batch inserted
2021-05-16 22:42:10,907 DEBUG:Batch inserted
2021-05-16 22:42:11,178 DEBUG:Batch inserted
2021-05-16 22:42:11,442 DEBUG:Batch inserted
2021-05-16 22:42:11,711 DEBUG:Batch inserted
2021-05-16 22:42:11,978 DEBUG:Batch inserted
2021-05-16 22:42:12,249 DEBUG:Batch inserted
2021-05-16 22:42:12,526 DEBUG:Batch inserted
2021-05-16 22:42:12,796 DEBUG:Batch inserted
2021-05-16 22:42:13,071 DEBUG:Batch inserted
2021-05-16 22:42:13,337 DEBUG:Batch inserted
2021-05-16 22:42:13,605 DEBUG:Batch inserted
2021-05-16 22:42:13,875 DEBUG:Batch inserted
2021-05-16 22:42:14,142 DEBUG:Batch inserted
2021-05-16 22:42:14,409 DEBUG:Batch inserted
2021-05-16 22:42:14,673 DEBUG:Batch inserted
2021-05-16 22:42:14,941 DEBUG:Batch inserted
2021-05-16 22:42:15,215 DEBUG:Batch inserted
2021-05-16 22:42:15,496 DEBUG:Batch inserted
2021-05-16 22:42:15,768 DEBUG:Batch inserted
2021-05-16 22:42:16,032 DEBUG:Batch inserted
2021-05-16 22:42:16,299 DEBUG:Batch inserted
2021-05-16 22:42:16,565 DEBUG:Batch inserted
2021-05-16 22:42:16,830 DEBUG:Batch inserted
2021-05-16 22:42:17,100 DEBUG:Batch inserted
2021-05-16 22:42:17,370 DEBUG:Batch inserted
2021-05-16 22:42:17,638 DEBUG:Batch inserted
2021-05-16 22:42:17,902 DEBUG:Batch inserted
2021-05-16 22:42:18,184 DEBUG:Batch inserted
2021-05-16 22:42:18,453 DEBUG:Batch inserted
2021-05-16 22:42:18,721 DEBUG:Batch inserted
2021-05-16 22:42:18,989 DEBUG:Batch inserted
2021-05-16 22:42:19,255 DEBUG:Batch inserted
2021-05-16 22:42:19,517 DEBUG:Batch inserted
2021-05-16 22:42:19,788 DEBUG:Batch inserted
2021-05-16 22:42:20,051 DEBUG:Batch inserted
2021-05-16 22:42:20,313 DEBUG:Batch inserted
2021-05-16 22:42:20,577 DEBUG:Batch inserted
2021-05-16 22:42:20,845 DEBUG:Batch inserted
2021-05-16 22:42:21,111 DEBUG:Batch inserted
2021-05-16 22:42:21,374 DEBUG:Batch inserted
2021-05-16 22:42:21,641 DEBUG:Batch inserted
2021-05-16 22:42:21,911 DEBUG:Batch inserted
2021-05-16 22:42:22,185 DEBUG:Batch inserted
2021-05-16 22:42:22,456 DEBUG:Batch inserted
2021-05-16 22:42:22,736 DEBUG:Batch inserted
2021-05-16 22:42:23,018 DEBUG:Batch inserted
2021-05-16 22:42:23,284 DEBUG:Batch inserted
2021-05-16 22:42:23,548 DEBUG:Batch inserted
2021-05-16 22:42:23,813 DEBUG:Batch inserted
2021-05-16 22:42:24,079 DEBUG:Batch inserted
2021-05-16 22:42:24,348 DEBUG:Batch inserted
2021-05-16 22:42:24,612 DEBUG:Batch inserted
2021-05-16 22:42:24,892 DEBUG:Batch inserted
2021-05-16 22:42:25,165 DEBUG:Batch inserted
2021-05-16 22:42:25,429 DEBUG:Batch inserted
2021-05-16 22:42:25,708 DEBUG:Batch inserted
2021-05-16 22:42:25,979 DEBUG:Batch inserted
2021-05-16 22:42:26,243 DEBUG:Batch inserted
2021-05-16 22:42:26,511 DEBUG:Batch inserted
2021-05-16 22:42:26,783 DEBUG:Batch inserted
2021-05-16 22:42:27,054 DEBUG:Batch inserted
2021-05-16 22:42:27,328 DEBUG:Batch inserted
2021-05-16 22:42:27,593 DEBUG:Batch inserted
2021-05-16 22:42:27,867 DEBUG:Batch inserted
2021-05-16 22:42:28,139 DEBUG:Batch inserted
2021-05-16 22:42:28,403 DEBUG:Batch inserted
2021-05-16 22:42:28,666 DEBUG:Batch inserted
2021-05-16 22:42:28,934 DEBUG:Batch inserted
2021-05-16 22:42:29,205 DEBUG:Batch inserted
2021-05-16 22:42:29,470 DEBUG:Batch inserted
2021-05-16 22:42:29,738 DEBUG:Batch inserted
2021-05-16 22:42:30,004 DEBUG:Batch inserted
2021-05-16 22:42:30,271 DEBUG:Batch inserted
2021-05-16 22:42:30,534 DEBUG:Batch inserted
2021-05-16 22:42:30,801 DEBUG:Batch inserted
2021-05-16 22:42:31,067 DEBUG:Batch inserted
2021-05-16 22:42:31,337 DEBUG:Batch inserted
2021-05-16 22:42:31,604 DEBUG:Batch inserted
2021-05-16 22:42:31,877 DEBUG:Batch inserted
2021-05-16 22:42:32,166 DEBUG:Batch inserted
2021-05-16 22:42:32,432 DEBUG:Batch inserted
2021-05-16 22:42:32,700 DEBUG:Batch inserted
2021-05-16 22:42:32,973 DEBUG:Batch inserted
2021-05-16 22:42:33,252 DEBUG:Batch inserted
2021-05-16 22:42:33,519 DEBUG:Batch inserted
2021-05-16 22:42:33,800 DEBUG:Batch inserted
2021-05-16 22:42:34,073 DEBUG:Batch inserted
2021-05-16 22:42:34,342 DEBUG:Batch inserted
2021-05-16 22:42:34,613 DEBUG:Batch inserted
2021-05-16 22:42:34,895 DEBUG:Batch inserted
2021-05-16 22:42:35,167 DEBUG:Batch inserted
2021-05-16 22:42:35,437 DEBUG:Batch inserted
2021-05-16 22:42:35,714 DEBUG:Batch inserted
2021-05-16 22:42:35,990 DEBUG:Batch inserted
2021-05-16 22:42:36,298 DEBUG:Batch inserted
2021-05-16 22:42:36,565 DEBUG:Batch inserted
2021-05-16 22:42:36,840 DEBUG:Batch inserted
2021-05-16 22:42:37,120 DEBUG:Batch inserted
2021-05-16 22:42:37,407 DEBUG:Batch inserted
2021-05-16 22:42:37,688 DEBUG:Batch inserted
2021-05-16 22:42:37,965 DEBUG:Batch inserted
2021-05-16 22:42:38,244 DEBUG:Batch inserted
2021-05-16 22:42:38,521 DEBUG:Batch inserted
2021-05-16 22:42:38,803 DEBUG:Batch inserted
2021-05-16 22:42:39,077 DEBUG:Batch inserted
2021-05-16 22:42:39,349 DEBUG:Batch inserted
2021-05-16 22:42:39,615 DEBUG:Batch inserted
2021-05-16 22:42:39,883 DEBUG:Batch inserted
2021-05-16 22:42:40,151 DEBUG:Batch inserted
2021-05-16 22:42:40,422 DEBUG:Batch inserted
2021-05-16 22:42:40,686 DEBUG:Batch inserted
2021-05-16 22:42:40,951 DEBUG:Batch inserted
2021-05-16 22:42:41,043 DEBUG:End of file reached
2021-05-16 22:42:41,173 DEBUG:Batch inserted
2021-05-16 22:42:41,451 DEBUG:Batch inserted
2021-05-16 22:42:41,725 DEBUG:Batch inserted
2021-05-16 22:42:42,018 DEBUG:Batch inserted
2021-05-16 22:42:42,297 DEBUG:Batch inserted
2021-05-16 22:42:42,575 DEBUG:Batch inserted
2021-05-16 22:42:42,846 DEBUG:Batch inserted
2021-05-16 22:42:43,119 DEBUG:Batch inserted
2021-05-16 22:42:43,397 DEBUG:Batch inserted
2021-05-16 22:42:43,674 DEBUG:Batch inserted
2021-05-16 22:42:43,948 DEBUG:Batch inserted
2021-05-16 22:42:44,220 DEBUG:Batch inserted
2021-05-16 22:42:44,496 DEBUG:Batch inserted
2021-05-16 22:42:44,772 DEBUG:Batch inserted
2021-05-16 22:42:45,049 DEBUG:Batch inserted
2021-05-16 22:42:45,329 DEBUG:Batch inserted
2021-05-16 22:42:45,600 DEBUG:Batch inserted
2021-05-16 22:42:45,874 DEBUG:Batch inserted
2021-05-16 22:42:46,149 DEBUG:Batch inserted
2021-05-16 22:42:46,427 DEBUG:Batch inserted
2021-05-16 22:42:46,700 DEBUG:Batch inserted
2021-05-16 22:42:46,973 DEBUG:Batch inserted
2021-05-16 22:42:47,246 DEBUG:Batch inserted
2021-05-16 22:42:47,517 DEBUG:Batch inserted
2021-05-16 22:42:47,791 DEBUG:Batch inserted
2021-05-16 22:42:48,068 DEBUG:Batch inserted
2021-05-16 22:42:48,345 DEBUG:Batch inserted
2021-05-16 22:42:48,619 DEBUG:Batch inserted
2021-05-16 22:42:48,951 DEBUG:Batch inserted
2021-05-16 22:42:49,345 DEBUG:Batch inserted
2021-05-16 22:42:49,888 DEBUG:Batch inserted
2021-05-16 22:42:50,187 DEBUG:Batch inserted
2021-05-16 22:42:50,549 DEBUG:Batch inserted
2021-05-16 22:42:50,829 DEBUG:Batch inserted
2021-05-16 22:42:51,101 DEBUG:Batch inserted
2021-05-16 22:42:51,379 DEBUG:Batch inserted
2021-05-16 22:42:51,658 DEBUG:Batch inserted
2021-05-16 22:42:51,936 DEBUG:Batch inserted
2021-05-16 22:42:52,214 DEBUG:Batch inserted
2021-05-16 22:42:52,485 DEBUG:Batch inserted
2021-05-16 22:42:52,766 DEBUG:Batch inserted
2021-05-16 22:42:53,044 DEBUG:Batch inserted
2021-05-16 22:42:53,326 DEBUG:Batch inserted
2021-05-16 22:42:53,622 DEBUG:Batch inserted
2021-05-16 22:42:53,909 DEBUG:Batch inserted
2021-05-16 22:42:54,186 DEBUG:Batch inserted
2021-05-16 22:42:54,472 DEBUG:Batch inserted
2021-05-16 22:42:54,758 DEBUG:Batch inserted
2021-05-16 22:42:55,052 DEBUG:Batch inserted
2021-05-16 22:42:55,339 DEBUG:Batch inserted
2021-05-16 22:42:55,630 DEBUG:Batch inserted
2021-05-16 22:42:55,915 DEBUG:Batch inserted
2021-05-16 22:42:56,208 DEBUG:Batch inserted
2021-05-16 22:42:56,503 DEBUG:Batch inserted
2021-05-16 22:42:56,791 DEBUG:Batch inserted
2021-05-16 22:42:57,066 DEBUG:Batch inserted
2021-05-16 22:42:57,350 DEBUG:Batch inserted
2021-05-16 22:42:57,638 DEBUG:Batch inserted
2021-05-16 22:42:57,914 DEBUG:Batch inserted
2021-05-16 22:42:58,197 DEBUG:Batch inserted
2021-05-16 22:42:58,473 DEBUG:Batch inserted
2021-05-16 22:42:58,753 DEBUG:Batch inserted
2021-05-16 22:42:59,027 DEBUG:Batch inserted
2021-05-16 22:42:59,305 DEBUG:Batch inserted
2021-05-16 22:42:59,590 DEBUG:Batch inserted
2021-05-16 22:42:59,861 DEBUG:Batch inserted
2021-05-16 22:43:00,140 DEBUG:Batch inserted
2021-05-16 22:43:00,410 DEBUG:Batch inserted
2021-05-16 22:43:00,681 DEBUG:Batch inserted
2021-05-16 22:43:00,953 DEBUG:Batch inserted
2021-05-16 22:43:01,223 DEBUG:Batch inserted
2021-05-16 22:43:01,496 DEBUG:Batch inserted
2021-05-16 22:43:01,775 DEBUG:Batch inserted
2021-05-16 22:43:02,056 DEBUG:Batch inserted
2021-05-16 22:43:02,335 DEBUG:Batch inserted
2021-05-16 22:43:02,614 DEBUG:Batch inserted
2021-05-16 22:43:02,888 DEBUG:Batch inserted
2021-05-16 22:43:03,166 DEBUG:Batch inserted
2021-05-16 22:43:03,437 DEBUG:Batch inserted
2021-05-16 22:43:03,736 DEBUG:Batch inserted
2021-05-16 22:43:04,020 DEBUG:Batch inserted
2021-05-16 22:43:04,353 DEBUG:Batch inserted
2021-05-16 22:43:04,644 DEBUG:Batch inserted
2021-05-16 22:43:04,940 DEBUG:Batch inserted
2021-05-16 22:43:05,223 DEBUG:Batch inserted
2021-05-16 22:43:05,500 DEBUG:Batch inserted
2021-05-16 22:43:05,777 DEBUG:Batch inserted
2021-05-16 22:43:06,052 DEBUG:Batch inserted
2021-05-16 22:43:06,326 DEBUG:Batch inserted
2021-05-16 22:43:06,607 DEBUG:Batch inserted
2021-05-16 22:43:06,898 DEBUG:Batch inserted
2021-05-16 22:43:07,185 DEBUG:Batch inserted
2021-05-16 22:43:07,469 DEBUG:Batch inserted
2021-05-16 22:43:07,764 DEBUG:Batch inserted
2021-05-16 22:43:08,052 DEBUG:Batch inserted
2021-05-16 22:43:08,347 DEBUG:Batch inserted
2021-05-16 22:43:08,636 DEBUG:Batch inserted
2021-05-16 22:43:08,919 DEBUG:Batch inserted
2021-05-16 22:43:09,200 DEBUG:Batch inserted
2021-05-16 22:43:09,481 DEBUG:Batch inserted
2021-05-16 22:43:09,773 DEBUG:Batch inserted
2021-05-16 22:43:10,067 DEBUG:Batch inserted
2021-05-16 22:43:10,350 DEBUG:Batch inserted
2021-05-16 22:43:10,629 DEBUG:Batch inserted
2021-05-16 22:43:10,918 DEBUG:Batch inserted
2021-05-16 22:43:11,198 DEBUG:Batch inserted
2021-05-16 22:43:11,489 DEBUG:Batch inserted
2021-05-16 22:43:11,774 DEBUG:Batch inserted
2021-05-16 22:43:12,052 DEBUG:Batch inserted
2021-05-16 22:43:12,325 DEBUG:Batch inserted
2021-05-16 22:43:12,615 DEBUG:Batch inserted
2021-05-16 22:43:12,907 DEBUG:Batch inserted
2021-05-16 22:43:13,191 DEBUG:Batch inserted
2021-05-16 22:43:13,480 DEBUG:Batch inserted
2021-05-16 22:43:13,765 DEBUG:Batch inserted
2021-05-16 22:43:14,041 DEBUG:Batch inserted
2021-05-16 22:43:14,320 DEBUG:Batch inserted
2021-05-16 22:43:14,593 DEBUG:Batch inserted
2021-05-16 22:43:14,877 DEBUG:Batch inserted
2021-05-16 22:43:15,161 DEBUG:Batch inserted
2021-05-16 22:43:15,435 DEBUG:Batch inserted
2021-05-16 22:43:15,712 DEBUG:Batch inserted
2021-05-16 22:43:15,988 DEBUG:Batch inserted
2021-05-16 22:43:16,267 DEBUG:Batch inserted
2021-05-16 22:43:16,537 DEBUG:Batch inserted
2021-05-16 22:43:16,818 DEBUG:Batch inserted
2021-05-16 22:43:17,092 DEBUG:Batch inserted
2021-05-16 22:43:17,361 DEBUG:Batch inserted
2021-05-16 22:43:17,639 DEBUG:Batch inserted
2021-05-16 22:43:17,913 DEBUG:Batch inserted
2021-05-16 22:43:18,191 DEBUG:Batch inserted
2021-05-16 22:43:18,468 DEBUG:Batch inserted
2021-05-16 22:43:18,742 DEBUG:Batch inserted
2021-05-16 22:43:19,013 DEBUG:Batch inserted
2021-05-16 22:43:19,290 DEBUG:Batch inserted
2021-05-16 22:43:19,564 DEBUG:Batch inserted
2021-05-16 22:43:19,839 DEBUG:Batch inserted
2021-05-16 22:43:20,117 DEBUG:Batch inserted
2021-05-16 22:43:20,392 DEBUG:Batch inserted
2021-05-16 22:43:20,666 DEBUG:Batch inserted
2021-05-16 22:43:20,946 DEBUG:Batch inserted
2021-05-16 22:43:21,227 DEBUG:Batch inserted
2021-05-16 22:43:21,503 DEBUG:Batch inserted
2021-05-16 22:43:21,779 DEBUG:Batch inserted
2021-05-16 22:43:22,058 DEBUG:Batch inserted
2021-05-16 22:43:22,354 DEBUG:Batch inserted
2021-05-16 22:43:22,634 DEBUG:Batch inserted
2021-05-16 22:43:22,909 DEBUG:Batch inserted
2021-05-16 22:43:23,186 DEBUG:Batch inserted
2021-05-16 22:43:23,478 DEBUG:Batch inserted
2021-05-16 22:43:23,859 DEBUG:Batch inserted
2021-05-16 22:43:24,364 DEBUG:Batch inserted
2021-05-16 22:43:24,637 DEBUG:Batch inserted
2021-05-16 22:43:24,911 DEBUG:Batch inserted
2021-05-16 22:43:25,195 DEBUG:Batch inserted
2021-05-16 22:43:25,470 DEBUG:Batch inserted
2021-05-16 22:43:25,743 DEBUG:Batch inserted
2021-05-16 22:43:26,020 DEBUG:Batch inserted
2021-05-16 22:43:26,293 DEBUG:Batch inserted
2021-05-16 22:43:26,565 DEBUG:Batch inserted
2021-05-16 22:43:26,845 DEBUG:Batch inserted
2021-05-16 22:43:27,126 DEBUG:Batch inserted
2021-05-16 22:43:27,409 DEBUG:Batch inserted
2021-05-16 22:43:27,690 DEBUG:Batch inserted
2021-05-16 22:43:27,977 DEBUG:Batch inserted
2021-05-16 22:43:28,265 DEBUG:Batch inserted
2021-05-16 22:43:28,554 DEBUG:Batch inserted
2021-05-16 22:43:28,851 DEBUG:Batch inserted
2021-05-16 22:43:29,143 DEBUG:Batch inserted
2021-05-16 22:43:29,414 DEBUG:Batch inserted
2021-05-16 22:43:29,685 DEBUG:Batch inserted
2021-05-16 22:43:29,962 DEBUG:Batch inserted
2021-05-16 22:43:30,243 DEBUG:Batch inserted
2021-05-16 22:43:30,515 DEBUG:Batch inserted
2021-05-16 22:43:30,789 DEBUG:Batch inserted
2021-05-16 22:43:31,062 DEBUG:Batch inserted
2021-05-16 22:43:31,341 DEBUG:Batch inserted
2021-05-16 22:43:31,611 DEBUG:Batch inserted
2021-05-16 22:43:31,883 DEBUG:Batch inserted
2021-05-16 22:43:32,158 DEBUG:Batch inserted
2021-05-16 22:43:32,433 DEBUG:Batch inserted
2021-05-16 22:43:32,702 DEBUG:Batch inserted
2021-05-16 22:43:32,972 DEBUG:Batch inserted
2021-05-16 22:43:33,253 DEBUG:Batch inserted
2021-05-16 22:43:33,669 DEBUG:Batch inserted
2021-05-16 22:43:33,943 DEBUG:Batch inserted
2021-05-16 22:43:34,222 DEBUG:Batch inserted
2021-05-16 22:43:34,494 DEBUG:Batch inserted
2021-05-16 22:43:34,779 DEBUG:Batch inserted
2021-05-16 22:43:35,053 DEBUG:Batch inserted
2021-05-16 22:43:35,329 DEBUG:Batch inserted
2021-05-16 22:43:35,605 DEBUG:Batch inserted
2021-05-16 22:43:35,888 DEBUG:Batch inserted
2021-05-16 22:43:36,165 DEBUG:Batch inserted
2021-05-16 22:43:36,445 DEBUG:Batch inserted
2021-05-16 22:43:36,717 DEBUG:Batch inserted
2021-05-16 22:43:36,992 DEBUG:Batch inserted
2021-05-16 22:43:37,264 DEBUG:Batch inserted
2021-05-16 22:43:37,535 DEBUG:Batch inserted
2021-05-16 22:43:37,810 DEBUG:Batch inserted
2021-05-16 22:43:38,080 DEBUG:Batch inserted
2021-05-16 22:43:38,350 DEBUG:Batch inserted
2021-05-16 22:43:38,621 DEBUG:Batch inserted
2021-05-16 22:43:38,897 DEBUG:Batch inserted
2021-05-16 22:43:39,173 DEBUG:Batch inserted
2021-05-16 22:43:39,450 DEBUG:Batch inserted
2021-05-16 22:43:39,723 DEBUG:Batch inserted
2021-05-16 22:43:40,009 DEBUG:Batch inserted
2021-05-16 22:43:40,303 DEBUG:Batch inserted
2021-05-16 22:43:40,580 DEBUG:Batch inserted
2021-05-16 22:43:40,858 DEBUG:Batch inserted
2021-05-16 22:43:41,135 DEBUG:Batch inserted
2021-05-16 22:43:41,410 DEBUG:Batch inserted
2021-05-16 22:43:41,692 DEBUG:Batch inserted
2021-05-16 22:43:41,968 DEBUG:Batch inserted
2021-05-16 22:43:42,243 DEBUG:Batch inserted
2021-05-16 22:43:42,519 DEBUG:Batch inserted
2021-05-16 22:43:42,795 DEBUG:Batch inserted
2021-05-16 22:43:43,067 DEBUG:Batch inserted
2021-05-16 22:43:43,346 DEBUG:Batch inserted
2021-05-16 22:43:43,623 DEBUG:Batch inserted
2021-05-16 22:43:43,903 DEBUG:Batch inserted
2021-05-16 22:43:44,182 DEBUG:Batch inserted
2021-05-16 22:43:44,459 DEBUG:Batch inserted
2021-05-16 22:43:44,731 DEBUG:Batch inserted
2021-05-16 22:43:45,015 DEBUG:Batch inserted
2021-05-16 22:43:45,296 DEBUG:Batch inserted
2021-05-16 22:43:45,577 DEBUG:Batch inserted
2021-05-16 22:43:45,852 DEBUG:Batch inserted
2021-05-16 22:43:46,124 DEBUG:Batch inserted
2021-05-16 22:43:46,411 DEBUG:Batch inserted
2021-05-16 22:43:46,698 DEBUG:Batch inserted
2021-05-16 22:43:46,990 DEBUG:Batch inserted
2021-05-16 22:43:47,269 DEBUG:Batch inserted
2021-05-16 22:43:47,543 DEBUG:Batch inserted
2021-05-16 22:43:47,815 DEBUG:Batch inserted
2021-05-16 22:43:48,086 DEBUG:Batch inserted
2021-05-16 22:43:48,356 DEBUG:Batch inserted
2021-05-16 22:43:48,628 DEBUG:Batch inserted
2021-05-16 22:43:48,903 DEBUG:Batch inserted
2021-05-16 22:43:49,177 DEBUG:Batch inserted
2021-05-16 22:43:49,451 DEBUG:Batch inserted
2021-05-16 22:43:49,719 DEBUG:Batch inserted
2021-05-16 22:43:49,995 DEBUG:Batch inserted
2021-05-16 22:43:50,269 DEBUG:Batch inserted
2021-05-16 22:43:50,550 DEBUG:Batch inserted
2021-05-16 22:43:50,825 DEBUG:Batch inserted
2021-05-16 22:43:51,102 DEBUG:Batch inserted
2021-05-16 22:43:51,379 DEBUG:Batch inserted
2021-05-16 22:43:51,650 DEBUG:Batch inserted
2021-05-16 22:43:51,926 DEBUG:Batch inserted
2021-05-16 22:43:52,197 DEBUG:Batch inserted
2021-05-16 22:43:52,470 DEBUG:Batch inserted
2021-05-16 22:43:52,742 DEBUG:Batch inserted
2021-05-16 22:43:53,018 DEBUG:Batch inserted
2021-05-16 22:43:53,294 DEBUG:Batch inserted
2021-05-16 22:43:53,565 DEBUG:Batch inserted
2021-05-16 22:43:53,836 DEBUG:Batch inserted
2021-05-16 22:43:54,107 DEBUG:Batch inserted
2021-05-16 22:43:54,383 DEBUG:Batch inserted
2021-05-16 22:43:54,654 DEBUG:Batch inserted
2021-05-16 22:43:54,924 DEBUG:Batch inserted
2021-05-16 22:43:55,200 DEBUG:Batch inserted
2021-05-16 22:43:55,474 DEBUG:Batch inserted
2021-05-16 22:43:55,749 DEBUG:Batch inserted
2021-05-16 22:43:56,022 DEBUG:Batch inserted
2021-05-16 22:43:56,295 DEBUG:Batch inserted
2021-05-16 22:43:56,568 DEBUG:Batch inserted
2021-05-16 22:43:56,844 DEBUG:Batch inserted
2021-05-16 22:43:57,118 DEBUG:Batch inserted
2021-05-16 22:43:57,393 DEBUG:Batch inserted
2021-05-16 22:43:57,662 DEBUG:Batch inserted
2021-05-16 22:43:57,935 DEBUG:Batch inserted
2021-05-16 22:43:58,210 DEBUG:Batch inserted
2021-05-16 22:43:58,483 DEBUG:Batch inserted
2021-05-16 22:43:58,758 DEBUG:Batch inserted
2021-05-16 22:43:59,027 DEBUG:Batch inserted
2021-05-16 22:43:59,370 DEBUG:Batch inserted
2021-05-16 22:43:59,641 DEBUG:Batch inserted
2021-05-16 22:43:59,915 DEBUG:Batch inserted
2021-05-16 22:44:00,189 DEBUG:Batch inserted
2021-05-16 22:44:00,465 DEBUG:Batch inserted
2021-05-16 22:44:00,749 DEBUG:Batch inserted
2021-05-16 22:44:01,028 DEBUG:Batch inserted
2021-05-16 22:44:01,319 DEBUG:Batch inserted
2021-05-16 22:44:01,595 DEBUG:Batch inserted
2021-05-16 22:44:02,191 DEBUG:Batch inserted
2021-05-16 22:44:02,491 DEBUG:Batch inserted
2021-05-16 22:44:02,807 DEBUG:Batch inserted
2021-05-16 22:44:03,128 DEBUG:Batch inserted
2021-05-16 22:44:03,445 DEBUG:Batch inserted
2021-05-16 22:44:03,715 DEBUG:Batch inserted
2021-05-16 22:44:03,989 DEBUG:Batch inserted
2021-05-16 22:44:04,260 DEBUG:Batch inserted
2021-05-16 22:44:04,534 DEBUG:Batch inserted
2021-05-16 22:44:04,810 DEBUG:Batch inserted
2021-05-16 22:44:05,088 DEBUG:Batch inserted
2021-05-16 22:44:05,363 DEBUG:Batch inserted
2021-05-16 22:44:05,636 DEBUG:Batch inserted
2021-05-16 22:44:05,923 DEBUG:Batch inserted
2021-05-16 22:44:06,233 DEBUG:Batch inserted
2021-05-16 22:44:06,694 DEBUG:Batch inserted
2021-05-16 22:44:06,978 DEBUG:Batch inserted
2021-05-16 22:44:07,251 DEBUG:Batch inserted
2021-05-16 22:44:07,521 DEBUG:Batch inserted
2021-05-16 22:44:07,793 DEBUG:Batch inserted
2021-05-16 22:44:08,065 DEBUG:Batch inserted
2021-05-16 22:44:08,335 DEBUG:Batch inserted
2021-05-16 22:44:08,606 DEBUG:Batch inserted
2021-05-16 22:44:08,878 DEBUG:Batch inserted
2021-05-16 22:44:09,262 DEBUG:Batch inserted
2021-05-16 22:44:09,582 DEBUG:Batch inserted
2021-05-16 22:44:09,871 DEBUG:Batch inserted
2021-05-16 22:44:10,253 DEBUG:Batch inserted
2021-05-16 22:44:10,572 DEBUG:Batch inserted
2021-05-16 22:44:10,867 DEBUG:Batch inserted
2021-05-16 22:44:11,139 DEBUG:Batch inserted
2021-05-16 22:44:11,410 DEBUG:Batch inserted
2021-05-16 22:44:11,684 DEBUG:Batch inserted
2021-05-16 22:44:11,956 DEBUG:Batch inserted
2021-05-16 22:44:12,226 DEBUG:Batch inserted
2021-05-16 22:44:12,498 DEBUG:Batch inserted
2021-05-16 22:44:12,769 DEBUG:Batch inserted
2021-05-16 22:44:13,039 DEBUG:Batch inserted
2021-05-16 22:44:13,310 DEBUG:Batch inserted
2021-05-16 22:44:13,579 DEBUG:Batch inserted
2021-05-16 22:44:13,850 DEBUG:Batch inserted
2021-05-16 22:44:14,120 DEBUG:Batch inserted
2021-05-16 22:44:14,399 DEBUG:Batch inserted
2021-05-16 22:44:14,674 DEBUG:Batch inserted
2021-05-16 22:44:14,947 DEBUG:Batch inserted
2021-05-16 22:44:15,219 DEBUG:Batch inserted
2021-05-16 22:44:15,488 DEBUG:Batch inserted
2021-05-16 22:44:15,761 DEBUG:Batch inserted
2021-05-16 22:44:16,033 DEBUG:Batch inserted
2021-05-16 22:44:16,322 DEBUG:Batch inserted
2021-05-16 22:44:16,596 DEBUG:Batch inserted
2021-05-16 22:44:16,866 DEBUG:Batch inserted
2021-05-16 22:44:17,135 DEBUG:Batch inserted
2021-05-16 22:44:17,404 DEBUG:Batch inserted
2021-05-16 22:44:17,675 DEBUG:Batch inserted
2021-05-16 22:44:17,951 DEBUG:Batch inserted
2021-05-16 22:44:18,223 DEBUG:Batch inserted
2021-05-16 22:44:18,495 DEBUG:Batch inserted
2021-05-16 22:44:18,767 DEBUG:Batch inserted
2021-05-16 22:44:19,038 DEBUG:Batch inserted
2021-05-16 22:44:19,312 DEBUG:Batch inserted
2021-05-16 22:44:19,582 DEBUG:Batch inserted
2021-05-16 22:44:19,853 DEBUG:Batch inserted
2021-05-16 22:44:20,121 DEBUG:Batch inserted
2021-05-16 22:44:20,394 DEBUG:Batch inserted
2021-05-16 22:44:20,665 DEBUG:Batch inserted
2021-05-16 22:44:20,948 DEBUG:Batch inserted
2021-05-16 22:44:21,221 DEBUG:Batch inserted
2021-05-16 22:44:21,491 DEBUG:Batch inserted
2021-05-16 22:44:21,766 DEBUG:Batch inserted
2021-05-16 22:44:22,039 DEBUG:Batch inserted
2021-05-16 22:44:22,315 DEBUG:Batch inserted
2021-05-16 22:44:22,589 DEBUG:Batch inserted
2021-05-16 22:44:22,861 DEBUG:Batch inserted
2021-05-16 22:44:23,132 DEBUG:Batch inserted
2021-05-16 22:44:23,404 DEBUG:Batch inserted
2021-05-16 22:44:23,674 DEBUG:Batch inserted
2021-05-16 22:44:23,942 DEBUG:Batch inserted
2021-05-16 22:44:24,215 DEBUG:Batch inserted
2021-05-16 22:44:24,487 DEBUG:Batch inserted
2021-05-16 22:44:24,762 DEBUG:Batch inserted
2021-05-16 22:44:25,032 DEBUG:Batch inserted
2021-05-16 22:44:25,306 DEBUG:Batch inserted
2021-05-16 22:44:25,577 DEBUG:Batch inserted
2021-05-16 22:44:25,848 DEBUG:Batch inserted
2021-05-16 22:44:26,117 DEBUG:Batch inserted
2021-05-16 22:44:26,387 DEBUG:Batch inserted
2021-05-16 22:44:26,658 DEBUG:Batch inserted
2021-05-16 22:44:26,929 DEBUG:Batch inserted
2021-05-16 22:44:27,199 DEBUG:Batch inserted
2021-05-16 22:44:27,472 DEBUG:Batch inserted
2021-05-16 22:44:27,745 DEBUG:Batch inserted
2021-05-16 22:44:28,016 DEBUG:Batch inserted
2021-05-16 22:44:28,288 DEBUG:Batch inserted
2021-05-16 22:44:28,326 DEBUG:End of file reached
2021-05-16 22:44:28,377 DEBUG:Batch inserted
2021-05-16 22:44:28,380 INFO:INSERTION TIME: 203.84635639190674
2021-05-16 22:44:31,079 INFO:Data queried.
2021-05-16 22:44:31,082 INFO:Data added to .csv
2021-05-16 22:45:21,623 INFO:Connection created.
2021-05-16 22:45:21,676 INFO:Data queried.
2021-05-16 22:45:21,677 INFO:Data added to .csv
2021-05-16 22:45:50,496 INFO:Connection created.
2021-05-16 22:45:50,524 INFO:Data queried.
2021-05-16 22:45:50,526 INFO:Data added to .csv
2021-05-16 22:47:14,895 INFO:Connection created.
2021-05-16 22:47:15,284 DEBUG:Batch inserted
2021-05-16 22:47:15,554 DEBUG:Batch inserted
2021-05-16 22:47:15,826 DEBUG:Batch inserted
2021-05-16 22:47:16,099 DEBUG:Batch inserted
2021-05-16 22:47:16,368 DEBUG:Batch inserted
2021-05-16 22:47:16,639 DEBUG:Batch inserted
2021-05-16 22:47:16,901 DEBUG:Batch inserted
2021-05-16 22:47:17,170 DEBUG:Batch inserted
2021-05-16 22:47:17,435 DEBUG:Batch inserted
2021-05-16 22:47:17,720 DEBUG:Batch inserted
2021-05-16 22:47:17,982 DEBUG:Batch inserted
2021-05-16 22:47:18,255 DEBUG:Batch inserted
2021-05-16 22:47:18,559 DEBUG:Batch inserted
2021-05-16 22:47:18,840 DEBUG:Batch inserted
2021-05-16 22:47:19,117 DEBUG:Batch inserted
2021-05-16 22:47:19,390 DEBUG:Batch inserted
2021-05-16 22:47:19,663 DEBUG:Batch inserted
2021-05-16 22:47:19,928 DEBUG:Batch inserted
2021-05-16 22:47:20,194 DEBUG:Batch inserted
2021-05-16 22:47:20,461 DEBUG:Batch inserted
2021-05-16 22:47:20,724 DEBUG:Batch inserted
2021-05-16 22:47:20,986 DEBUG:Batch inserted
2021-05-16 22:47:21,253 DEBUG:Batch inserted
2021-05-16 22:47:21,521 DEBUG:Batch inserted
2021-05-16 22:47:21,797 DEBUG:Batch inserted
2021-05-16 22:47:22,059 DEBUG:Batch inserted
2021-05-16 22:47:22,342 DEBUG:Batch inserted
2021-05-16 22:47:22,609 DEBUG:Batch inserted
2021-05-16 22:47:22,877 DEBUG:Batch inserted
2021-05-16 22:47:23,146 DEBUG:Batch inserted
2021-05-16 22:47:23,418 DEBUG:Batch inserted
2021-05-16 22:47:23,681 DEBUG:Batch inserted
2021-05-16 22:47:23,951 DEBUG:Batch inserted
2021-05-16 22:47:24,223 DEBUG:Batch inserted
2021-05-16 22:47:24,486 DEBUG:Batch inserted
2021-05-16 22:47:24,753 DEBUG:Batch inserted
2021-05-16 22:47:25,019 DEBUG:Batch inserted
2021-05-16 22:47:25,291 ERROR:Data insertion error. Exit Program.
2021-05-16 22:47:42,772 INFO:Connection created.
2021-05-16 22:47:52,152 INFO:Data queried.
2021-05-16 22:47:52,153 INFO:Data added to .csv
